<?xml version="1.0" encoding="UTF-8"?>
<!-- Generated by org.testng.reporters.JUnitReportReporter -->
<testsuite hostname="Valliani" name="config.TestConfig" tests="1" failures="0" timestamp="31 Jan 2018 19:29:35 GMT" time="26.172" errors="0">
  <testcase name="startTest" time="26.172" classname="config.TestConfig"/>
</testsuite> <!-- config.TestConfig -->
